<?xml version="1.0" encoding="UTF-8"?>
<testng-results ignored="0" total="2" passed="2" failed="0" skipped="0">
  <reporter-output>
  </reporter-output>
  <suite started-at="2025-08-18T13:51:59 IST" name="Default suite" finished-at="2025-08-18T13:51:59 IST" duration-ms="107">
    <groups>
    </groups>
    <test started-at="2025-08-18T13:51:59 IST" name="Default test" finished-at="2025-08-18T13:51:59 IST" duration-ms="107">
      <class name="com.example.testNG.CalculatorTest">
        <test-method is-config="true" signature="setUp()[pri:0, instance:com.example.testNG.CalculatorTest@7cc0cdad]" started-at="2025-08-18T13:51:59 IST" name="setUp" finished-at="2025-08-18T13:51:59 IST" duration-ms="24" status="PASS">
          <reporter-output>
          </reporter-output>
        </test-method> <!-- setUp -->
        <test-method signature="testSubtract()[pri:1, instance:com.example.testNG.CalculatorTest@7cc0cdad]" started-at="2025-08-18T13:51:59 IST" name="testSubtract" finished-at="2025-08-18T13:51:59 IST" duration-ms="22" status="PASS">
          <reporter-output>
          </reporter-output>
        </test-method> <!-- testSubtract -->
        <test-method signature="testAdd()[pri:2, instance:com.example.testNG.CalculatorTest@7cc0cdad]" started-at="2025-08-18T13:51:59 IST" name="testAdd" finished-at="2025-08-18T13:51:59 IST" duration-ms="2" status="PASS">
          <reporter-output>
          </reporter-output>
        </test-method> <!-- testAdd -->
      </class> <!-- com.example.testNG.CalculatorTest -->
    </test> <!-- Default test -->
  </suite> <!-- Default suite -->
</testng-results>
